[26-Jun-2024 19:24:06 UTC] Xdebug: [Step Debug] Could not connect to debugging client. Tried: host.docker.internal:9003 (through xdebug.client_host/xdebug.client_port).
[26-Jun-2024 19:24:06 UTC] Xdebug: [Step Debug] Could not connect to debugging client. Tried: host.docker.internal:9003 (through xdebug.client_host/xdebug.client_port).
[26-Jun-2024 19:29:14 UTC] Xdebug: [Step Debug] Could not connect to debugging client. Tried: host.docker.internal:9003 (through xdebug.client_host/xdebug.client_port).
[26-Jun-2024 19:29:14 UTC] Xdebug: [Step Debug] Could not connect to debugging client. Tried: host.docker.internal:9003 (through xdebug.client_host/xdebug.client_port).
[26-Jun-2024 19:35:40 UTC] Xdebug: [Step Debug] Could not connect to debugging client. Tried: host.docker.internal:9003 (through xdebug.client_host/xdebug.client_port).
[26-Jun-2024 19:35:40 UTC] PHP Warning:  require_once(/var/www/htmlconfig/init.php): Failed to open stream: No such file or directory in /var/www/html/public/index.php on line 3
[26-Jun-2024 19:35:40 UTC] PHP Fatal error:  Uncaught Error: Failed opening required '/var/www/htmlconfig/init.php' (include_path='.:/usr/local/lib/php') in /var/www/html/public/index.php:3
Stack trace:
#0 {main}
  thrown in /var/www/html/public/index.php on line 3
[26-Jun-2024 19:35:40 UTC] Xdebug: [Step Debug] Could not connect to debugging client. Tried: host.docker.internal:9003 (through xdebug.client_host/xdebug.client_port).
[26-Jun-2024 19:35:40 UTC] PHP Warning:  require_once(/var/www/htmlconfig/init.php): Failed to open stream: No such file or directory in /var/www/html/public/index.php on line 3
[26-Jun-2024 19:35:40 UTC] PHP Fatal error:  Uncaught Error: Failed opening required '/var/www/htmlconfig/init.php' (include_path='.:/usr/local/lib/php') in /var/www/html/public/index.php:3
Stack trace:
#0 {main}
  thrown in /var/www/html/public/index.php on line 3
[26-Jun-2024 19:36:52 UTC] Xdebug: [Step Debug] Could not connect to debugging client. Tried: host.docker.internal:9003 (through xdebug.client_host/xdebug.client_port).
[26-Jun-2024 19:36:52 UTC] PHP Warning:  require_once(/var/www/htmlconfig/init.php): Failed to open stream: No such file or directory in /var/www/html/public/index.php on line 3
[26-Jun-2024 19:36:52 UTC] PHP Fatal error:  Uncaught Error: Failed opening required '/var/www/htmlconfig/init.php' (include_path='.:/usr/local/lib/php') in /var/www/html/public/index.php:3
Stack trace:
#0 {main}
  thrown in /var/www/html/public/index.php on line 3
[26-Jun-2024 19:36:52 UTC] Xdebug: [Step Debug] Could not connect to debugging client. Tried: host.docker.internal:9003 (through xdebug.client_host/xdebug.client_port).
[26-Jun-2024 19:36:52 UTC] PHP Warning:  require_once(/var/www/htmlconfig/init.php): Failed to open stream: No such file or directory in /var/www/html/public/index.php on line 3
[26-Jun-2024 19:36:52 UTC] PHP Fatal error:  Uncaught Error: Failed opening required '/var/www/htmlconfig/init.php' (include_path='.:/usr/local/lib/php') in /var/www/html/public/index.php:3
Stack trace:
#0 {main}
  thrown in /var/www/html/public/index.php on line 3
[26-Jun-2024 19:36:57 UTC] Xdebug: [Step Debug] Could not connect to debugging client. Tried: host.docker.internal:9003 (through xdebug.client_host/xdebug.client_port).
[26-Jun-2024 19:36:57 UTC] PHP Warning:  require_once(/var/www/htmlconfig/init.php): Failed to open stream: No such file or directory in /var/www/html/public/index.php on line 5
[26-Jun-2024 19:36:57 UTC] PHP Fatal error:  Uncaught Error: Failed opening required '/var/www/htmlconfig/init.php' (include_path='.:/usr/local/lib/php') in /var/www/html/public/index.php:5
Stack trace:
#0 {main}
  thrown in /var/www/html/public/index.php on line 5
[26-Jun-2024 19:38:11 UTC] Xdebug: [Step Debug] Could not connect to debugging client. Tried: host.docker.internal:9003 (through xdebug.client_host/xdebug.client_port).
[26-Jun-2024 19:38:11 UTC] PHP Warning:  require_once(/var/www/htmlvendor/autoload.php): Failed to open stream: No such file or directory in /var/www/html/config/init.php on line 17
[26-Jun-2024 19:38:11 UTC] PHP Fatal error:  Uncaught Error: Failed opening required '/var/www/htmlvendor/autoload.php' (include_path='.:/usr/local/lib/php') in /var/www/html/config/init.php:17
Stack trace:
#0 /var/www/html/public/index.php(5): require_once()
#1 {main}
  thrown in /var/www/html/config/init.php on line 17
[26-Jun-2024 19:38:12 UTC] Xdebug: [Step Debug] Could not connect to debugging client. Tried: host.docker.internal:9003 (through xdebug.client_host/xdebug.client_port).
[26-Jun-2024 19:38:12 UTC] PHP Warning:  require_once(/var/www/htmlvendor/autoload.php): Failed to open stream: No such file or directory in /var/www/html/config/init.php on line 17
[26-Jun-2024 19:38:12 UTC] PHP Fatal error:  Uncaught Error: Failed opening required '/var/www/htmlvendor/autoload.php' (include_path='.:/usr/local/lib/php') in /var/www/html/config/init.php:17
Stack trace:
#0 /var/www/html/public/index.php(5): require_once()
#1 {main}
  thrown in /var/www/html/config/init.php on line 17
[26-Jun-2024 19:38:28 UTC] Xdebug: [Step Debug] Could not connect to debugging client. Tried: host.docker.internal:9003 (through xdebug.client_host/xdebug.client_port).
[26-Jun-2024 19:38:28 UTC] PHP Warning:  require_once(/var/www/htmlvendor/autoload.php): Failed to open stream: No such file or directory in /var/www/html/config/init.php on line 17
[26-Jun-2024 19:38:28 UTC] PHP Fatal error:  Uncaught Error: Failed opening required '/var/www/htmlvendor/autoload.php' (include_path='.:/usr/local/lib/php') in /var/www/html/config/init.php:17
Stack trace:
#0 /var/www/html/public/index.php(5): require_once()
#1 {main}
  thrown in /var/www/html/config/init.php on line 17
[26-Jun-2024 19:38:29 UTC] Xdebug: [Step Debug] Could not connect to debugging client. Tried: host.docker.internal:9003 (through xdebug.client_host/xdebug.client_port).
[26-Jun-2024 19:38:29 UTC] PHP Warning:  require_once(/var/www/htmlvendor/autoload.php): Failed to open stream: No such file or directory in /var/www/html/config/init.php on line 17
[26-Jun-2024 19:38:29 UTC] PHP Fatal error:  Uncaught Error: Failed opening required '/var/www/htmlvendor/autoload.php' (include_path='.:/usr/local/lib/php') in /var/www/html/config/init.php:17
Stack trace:
#0 /var/www/html/public/index.php(5): require_once()
#1 {main}
  thrown in /var/www/html/config/init.php on line 17
[26-Jun-2024 19:40:45 UTC] Xdebug: [Step Debug] Could not connect to debugging client. Tried: host.docker.internal:9003 (through xdebug.client_host/xdebug.client_port).
[26-Jun-2024 19:40:45 UTC] PHP Warning:  require_once(/var/www/html/../config/init.php): Failed to open stream: No such file or directory in /var/www/html/public/index.php on line 5
[26-Jun-2024 19:40:45 UTC] PHP Fatal error:  Uncaught Error: Failed opening required '/var/www/html/../config/init.php' (include_path='.:/usr/local/lib/php') in /var/www/html/public/index.php:5
Stack trace:
#0 {main}
  thrown in /var/www/html/public/index.php on line 5
[26-Jun-2024 19:40:46 UTC] Xdebug: [Step Debug] Could not connect to debugging client. Tried: host.docker.internal:9003 (through xdebug.client_host/xdebug.client_port).
[26-Jun-2024 19:40:46 UTC] PHP Warning:  require_once(/var/www/html/../config/init.php): Failed to open stream: No such file or directory in /var/www/html/public/index.php on line 5
[26-Jun-2024 19:40:46 UTC] PHP Fatal error:  Uncaught Error: Failed opening required '/var/www/html/../config/init.php' (include_path='.:/usr/local/lib/php') in /var/www/html/public/index.php:5
Stack trace:
#0 {main}
  thrown in /var/www/html/public/index.php on line 5
[26-Jun-2024 19:40:47 UTC] Xdebug: [Step Debug] Could not connect to debugging client. Tried: host.docker.internal:9003 (through xdebug.client_host/xdebug.client_port).
[26-Jun-2024 19:40:47 UTC] PHP Warning:  require_once(/var/www/html/../config/init.php): Failed to open stream: No such file or directory in /var/www/html/public/index.php on line 5
[26-Jun-2024 19:40:47 UTC] PHP Fatal error:  Uncaught Error: Failed opening required '/var/www/html/../config/init.php' (include_path='.:/usr/local/lib/php') in /var/www/html/public/index.php:5
Stack trace:
#0 {main}
  thrown in /var/www/html/public/index.php on line 5
[26-Jun-2024 19:41:21 UTC] Xdebug: [Step Debug] Could not connect to debugging client. Tried: host.docker.internal:9003 (through xdebug.client_host/xdebug.client_port).
[26-Jun-2024 19:41:21 UTC] PHP Warning:  require_once(/var/www/html/public/config/init.php): Failed to open stream: No such file or directory in /var/www/html/public/index.php on line 5
[26-Jun-2024 19:41:21 UTC] PHP Fatal error:  Uncaught Error: Failed opening required '/var/www/html/public/config/init.php' (include_path='.:/usr/local/lib/php') in /var/www/html/public/index.php:5
Stack trace:
#0 {main}
  thrown in /var/www/html/public/index.php on line 5
[26-Jun-2024 19:41:21 UTC] Xdebug: [Step Debug] Could not connect to debugging client. Tried: host.docker.internal:9003 (through xdebug.client_host/xdebug.client_port).
[26-Jun-2024 19:41:21 UTC] PHP Warning:  require_once(/var/www/html/public/config/init.php): Failed to open stream: No such file or directory in /var/www/html/public/index.php on line 5
[26-Jun-2024 19:41:21 UTC] PHP Fatal error:  Uncaught Error: Failed opening required '/var/www/html/public/config/init.php' (include_path='.:/usr/local/lib/php') in /var/www/html/public/index.php:5
Stack trace:
#0 {main}
  thrown in /var/www/html/public/index.php on line 5
[26-Jun-2024 19:41:22 UTC] Xdebug: [Step Debug] Could not connect to debugging client. Tried: host.docker.internal:9003 (through xdebug.client_host/xdebug.client_port).
[26-Jun-2024 19:41:22 UTC] PHP Warning:  require_once(/var/www/html/public/config/init.php): Failed to open stream: No such file or directory in /var/www/html/public/index.php on line 5
[26-Jun-2024 19:41:22 UTC] PHP Fatal error:  Uncaught Error: Failed opening required '/var/www/html/public/config/init.php' (include_path='.:/usr/local/lib/php') in /var/www/html/public/index.php:5
Stack trace:
#0 {main}
  thrown in /var/www/html/public/index.php on line 5
[26-Jun-2024 19:42:12 UTC] Xdebug: [Step Debug] Could not connect to debugging client. Tried: host.docker.internal:9003 (through xdebug.client_host/xdebug.client_port).
[26-Jun-2024 19:42:12 UTC] PHP Warning:  require_once(/var/www/html/../config/init.php): Failed to open stream: No such file or directory in /var/www/html/public/index.php on line 5
[26-Jun-2024 19:42:12 UTC] PHP Fatal error:  Uncaught Error: Failed opening required '/var/www/html/../config/init.php' (include_path='.:/usr/local/lib/php') in /var/www/html/public/index.php:5
Stack trace:
#0 {main}
  thrown in /var/www/html/public/index.php on line 5
[26-Jun-2024 19:42:13 UTC] Xdebug: [Step Debug] Could not connect to debugging client. Tried: host.docker.internal:9003 (through xdebug.client_host/xdebug.client_port).
[26-Jun-2024 19:42:13 UTC] PHP Warning:  require_once(/var/www/html/../config/init.php): Failed to open stream: No such file or directory in /var/www/html/public/index.php on line 5
[26-Jun-2024 19:42:13 UTC] PHP Fatal error:  Uncaught Error: Failed opening required '/var/www/html/../config/init.php' (include_path='.:/usr/local/lib/php') in /var/www/html/public/index.php:5
Stack trace:
#0 {main}
  thrown in /var/www/html/public/index.php on line 5
[26-Jun-2024 19:43:31 UTC] Xdebug: [Step Debug] Could not connect to debugging client. Tried: host.docker.internal:9003 (through xdebug.client_host/xdebug.client_port).
[26-Jun-2024 19:43:31 UTC] Xdebug: [Step Debug] Could not connect to debugging client. Tried: host.docker.internal:9003 (through xdebug.client_host/xdebug.client_port).
[26-Jun-2024 19:43:31 UTC] Xdebug: [Step Debug] Could not connect to debugging client. Tried: host.docker.internal:9003 (through xdebug.client_host/xdebug.client_port).
[26-Jun-2024 19:49:13 UTC] Xdebug: [Step Debug] Could not connect to debugging client. Tried: host.docker.internal:9003 (through xdebug.client_host/xdebug.client_port).
[26-Jun-2024 19:49:14 UTC] Xdebug: [Step Debug] Could not connect to debugging client. Tried: host.docker.internal:9003 (through xdebug.client_host/xdebug.client_port).
[26-Jun-2024 19:49:23 UTC] Xdebug: [Step Debug] Could not connect to debugging client. Tried: host.docker.internal:9003 (through xdebug.client_host/xdebug.client_port).
[26-Jun-2024 19:49:28 UTC] Xdebug: [Step Debug] Could not connect to debugging client. Tried: host.docker.internal:9003 (through xdebug.client_host/xdebug.client_port).
[26-Jun-2024 19:50:03 UTC] Xdebug: [Step Debug] Could not connect to debugging client. Tried: host.docker.internal:9003 (through xdebug.client_host/xdebug.client_port).
[26-Jun-2024 19:50:07 UTC] Xdebug: [Step Debug] Could not connect to debugging client. Tried: host.docker.internal:9003 (through xdebug.client_host/xdebug.client_port).
[26-Jun-2024 19:50:16 UTC] Xdebug: [Step Debug] Could not connect to debugging client. Tried: host.docker.internal:9003 (through xdebug.client_host/xdebug.client_port).
[26-Jun-2024 19:50:17 UTC] Xdebug: [Step Debug] Could not connect to debugging client. Tried: host.docker.internal:9003 (through xdebug.client_host/xdebug.client_port).
[26-Jun-2024 19:50:18 UTC] Xdebug: [Step Debug] Could not connect to debugging client. Tried: host.docker.internal:9003 (through xdebug.client_host/xdebug.client_port).
[26-Jun-2024 19:57:47 UTC] Xdebug: [Step Debug] Could not connect to debugging client. Tried: host.docker.internal:9003 (through xdebug.client_host/xdebug.client_port).
[26-Jun-2024 19:57:47 UTC] Xdebug: [Step Debug] Could not connect to debugging client. Tried: host.docker.internal:9003 (through xdebug.client_host/xdebug.client_port).
[28-Jun-2024 03:48:20 UTC] Xdebug: [Step Debug] Could not connect to debugging client. Tried: host.docker.internal:9003 (through xdebug.client_host/xdebug.client_port).
[28-Jun-2024 03:48:20 UTC] Xdebug: [Step Debug] Could not connect to debugging client. Tried: host.docker.internal:9003 (through xdebug.client_host/xdebug.client_port).
[30-Jun-2024 19:33:43 UTC] Xdebug: [Step Debug] Could not connect to debugging client. Tried: host.docker.internal:9003 (through xdebug.client_host/xdebug.client_port).
[30-Jun-2024 19:34:00 UTC] Xdebug: [Step Debug] Could not connect to debugging client. Tried: host.docker.internal:9003 (through xdebug.client_host/xdebug.client_port).
[30-Jun-2024 19:34:15 UTC] Xdebug: [Step Debug] Could not connect to debugging client. Tried: host.docker.internal:9003 (through xdebug.client_host/xdebug.client_port).
[30-Jun-2024 19:34:16 UTC] Xdebug: [Step Debug] Could not connect to debugging client. Tried: host.docker.internal:9003 (through xdebug.client_host/xdebug.client_port).
[01-Jul-2024 09:21:13 UTC] Xdebug: [Step Debug] Could not connect to debugging client. Tried: host.docker.internal:9003 (through xdebug.client_host/xdebug.client_port).
[01-Jul-2024 09:21:13 UTC] Xdebug: [Step Debug] Could not connect to debugging client. Tried: host.docker.internal:9003 (through xdebug.client_host/xdebug.client_port).
[01-Jul-2024 11:27:50 UTC] Xdebug: [Step Debug] Could not connect to debugging client. Tried: host.docker.internal:9003 (through xdebug.client_host/xdebug.client_port).
[01-Jul-2024 11:27:50 UTC] Xdebug: [Step Debug] Could not connect to debugging client. Tried: host.docker.internal:9003 (through xdebug.client_host/xdebug.client_port).
